#
# A fatal error has been detected by the Java Runtime Environment:
#
#  SIGSEGV (0xb) at pc=0x00007fbf810696ba, pid=4411, tid=140459556603648
#
# JRE version: Java(TM) SE Runtime Environment (8.0_73-b02) (build 1.8.0_73-b02)
# Java VM: Java HotSpot(TM) 64-Bit Server VM (25.73-b02 mixed mode linux-amd64 compressed oops)
# Problematic frame:
# v  ~BufferBlob::jni_fast_GetLongField
#
# Failed to write core dump. Core dumps have been disabled. To enable core dumping, try "ulimit -c unlimited" before starting Java again
#
# If you would like to submit a bug report, please visit:
#   http://bugreport.java.com/bugreport/crash.jsp
# The crash happened outside the Java Virtual Machine in native code.
# See problematic frame for where to report the bug.
#

---------------  T H R E A D  ---------------

Current thread (0x00007fbf9022b000):  JavaThread "AWT-XAWT" daemon [_thread_in_native, id=4430, stack(0x00007fbf49ea0000,0x00007fbf49fa1000)]

siginfo: si_signo: 11 (SIGSEGV), si_code: 1 (SEGV_MAPERR), si_addr: 0x0000000000000000

Registers:
RAX=0x00007fbf97b7d0a0, RBX=0x00007fbf9022b1f8, RCX=0x00007fbf985e4340, RDX=0x0000000000000042
RSP=0x00007fbf49f9f5b8, RBP=0x00007fbf49f9f5e0, RSI=0x0000000000000000, RDI=0x00007fbf9022b1f8
R8 =0x00007fbf4b5e4250, R9 =0x0000000000000000, R10=0x00000000000000c2, R11=0x00007fbf812cf358
R12=0x00007fbf340ae9a0, R13=0x0000000000000000, R14=0x00007fbf4bd2d7e0, R15=0x00007fbf9022b000
RIP=0x00007fbf810696ba, EFLAGS=0x0000000000010246, CSGSFS=0x0000000000000033, ERR=0x0000000000000004
  TRAPNO=0x000000000000000e

Top of Stack: (sp=0x00007fbf49f9f5b8)
0x00007fbf49f9f5b8:   00007fbf4bb0bef1 00007fbf944f4578
0x00007fbf49f9f5c8:   00007fbf340ae9a0 00007fbf49f9f690
0x00007fbf49f9f5d8:   00007fbf49f9f660 0000000000000000
0x00007fbf49f9f5e8:   00007fbf4b5ec4e0 00007fbf944f4578
0x00007fbf49f9f5f8:   00007fbf49f9f620 0000000000000000
0x00007fbf49f9f608:   00007fbf4b5e4273 00007fbf49f9f690
0x00007fbf49f9f618:   00007fbf4bb0512f 00007fbf49f9f670
0x00007fbf49f9f628:   00007fbf812cf3f6 0000000000000000
0x00007fbf49f9f638:   00007fbf81243176 00007fbf49f9f690
0x00007fbf49f9f648:   00007fbf8117c9ec 00000000e4b35220
0x00007fbf49f9f658:   00000000e4b35ac8 00000000a4f531f0
0x00007fbf49f9f668:   0000000000000011 00007fbf49f9f6f0
0x00007fbf49f9f678:   00007fbf81007420 00007fbf49f9f6f0
0x00007fbf49f9f688:   00007fbf81007420 0000000000000000
0x00007fbf49f9f698:   00007fbf81007760 00007fbf38000e30
0x00007fbf49f9f6a8:   00000000e4b35220 00007fbf49f9f6b0
0x00007fbf49f9f6b8:   00007fbf945fbfac 00007fbf49f9f738
0x00007fbf49f9f6c8:   00007fbf94605428 0000000000000000
0x00007fbf49f9f6d8:   00007fbf945fc0e8 00007fbf49f9f690
0x00007fbf49f9f6e8:   00007fbf49f9f730 00007fbf49f9f780
0x00007fbf49f9f6f8:   00007fbf81007c4d 0000000000000000
0x00007fbf49f9f708:   00000000e4af5c18 0000000000000000
0x00007fbf49f9f718:   0000000000000000 0000000000000000
0x00007fbf49f9f728:   00000000e4b35220 0000000000000000
0x00007fbf49f9f738:   00000000e4a819d0 00007fbf49f9f740
0x00007fbf49f9f748:   00007fbf945fbded 00007fbf49f9f790
0x00007fbf49f9f758:   00007fbf94605428 0000000000000000
0x00007fbf49f9f768:   00007fbf945fbdf8 00007fbf49f9f730
0x00007fbf49f9f778:   00007fbf49f9f790 00007fbf49f9f7d8
0x00007fbf49f9f788:   00007fbf81007c92 00000000e4a819d0
0x00007fbf49f9f798:   00007fbf49f9f798 00007fbf9412d9cb
0x00007fbf49f9f7a8:   00007fbf49f9f7e8 00007fbf941b4e18 

Instructions: (pc=0x00007fbf810696ba)
0x00007fbf8106969a:   00 00 00 00 00 00 44 8b 15 a1 2f b5 16 4c 8b ce
0x00007fbf810696aa:   41 f6 c2 01 0f 85 2e 00 00 00 4d 33 ca 4d 33 ca
0x00007fbf810696ba:   4d 8b 09 4c 8b da 49 c1 eb 02 4b 8b 04 19 49 bb
0x00007fbf810696ca:   48 c6 bb 97 bf 7f 00 00 4c 33 d8 4c 33 d8 45 3b 

Register to memory mapping:

RAX=0x00007fbf97b7d0a0: <offset 0xf760a0> in /home/aparna/jdk1.8.0_73/jre/lib/amd64/server/libjvm.so at 0x00007fbf96c07000
RBX=0x00007fbf9022b1f8 is an unknown value
RCX=0x00007fbf985e4340: <offset 0x219340> in /lib/x86_64-linux-gnu/libpthread.so.0 at 0x00007fbf983cb000
RDX=0x0000000000000042 is an unknown value
RSP=0x00007fbf49f9f5b8 is pointing into the stack for thread: 0x00007fbf9022b000
RBP=0x00007fbf49f9f5e0 is pointing into the stack for thread: 0x00007fbf9022b000
RSI=0x0000000000000000 is an unknown value
RDI=0x00007fbf9022b1f8 is an unknown value
R8 =0x00007fbf4b5e4250: <offset 0x5a250> in /usr/lib/x86_64-linux-gnu/libX11.so.6 at 0x00007fbf4b58a000
R9 =0x0000000000000000 is an unknown value
R10=0x00000000000000c2 is an unknown value
R11=0x00007fbf812cf358 is at entry_point+24 in (nmethod*)0x00007fbf812cf1d0
R12=0x00007fbf340ae9a0 is an unknown value
R13=0x0000000000000000 is an unknown value
R14=0x00007fbf4bd2d7e0: <offset 0x2587e0> in /home/aparna/jdk1.8.0_73/jre/lib/amd64/libawt_xawt.so at 0x00007fbf4bad5000
R15=0x00007fbf9022b000 is a thread


Stack: [0x00007fbf49ea0000,0x00007fbf49fa1000],  sp=0x00007fbf49f9f5b8,  free space=1021k
Native frames: (J=compiled Java code, j=interpreted, Vv=VM code, C=native code)
v  ~BufferBlob::jni_fast_GetLongField
C  [libX11.so.6+0x624e0]  _XimServerDestroy+0x70

Java frames: (J=compiled Java code, j=interpreted, Vv=VM code)
J 877  sun.awt.X11.XlibWrapper.XFilterEvent(JJ)Z (0 bytes) @ 0x00007fbf812cf384 [0x00007fbf812cf340+0x44]
j  sun.awt.X11.XToolkit.run(Z)V+300
j  sun.awt.X11.XToolkit.run()V+5
j  java.lang.Thread.run()V+11
v  ~StubRoutines::call_stub

---------------  P R O C E S S  ---------------

Java Threads: ( => current thread )
  0x00007fbf60003000 JavaThread "SIGTERM handler" daemon [_thread_blocked, id=4745, stack(0x00007fbf488b6000,0x00007fbf489b7000)]
  0x00007fbf3c007800 JavaThread "XToolkt-Shutdown-Thread" [_thread_blocked, id=4737, stack(0x00007fbf489b7000,0x00007fbf48ab8000)]
  0x00007fbf60002000 JavaThread "SIGTERM handler" daemon [_thread_blocked, id=4736, stack(0x00007fbf48ab8000,0x00007fbf48bb9000)]
  0x00007fbf60001000 JavaThread "SIGHUP handler" daemon [_thread_blocked, id=4735, stack(0x00007fbf49d9f000,0x00007fbf49ea0000)]
  0x00007fbf340fd800 JavaThread "TimerQueue" daemon [_thread_blocked, id=4434, stack(0x00007fbf48565000,0x00007fbf48666000)]
  0x00007fbf90009800 JavaThread "DestroyJavaVM" [_thread_blocked, id=4413, stack(0x00007fbf986ec000,0x00007fbf987ed000)]
  0x00007fbf90263000 JavaThread "AWT-EventQueue-0" [_thread_blocked, id=4433, stack(0x00007fbf49962000,0x00007fbf49a63000)]
  0x00007fbf90261000 JavaThread "AWT-Shutdown" [_thread_blocked, id=4432, stack(0x00007fbf49a63000,0x00007fbf49b64000)]
=>0x00007fbf9022b000 JavaThread "AWT-XAWT" daemon [_thread_in_native, id=4430, stack(0x00007fbf49ea0000,0x00007fbf49fa1000)]
  0x00007fbf9020a800 JavaThread "Java2D Disposer" daemon [_thread_blocked, id=4429, stack(0x00007fbf4a3b1000,0x00007fbf4a4b2000)]
  0x00007fbf900c0800 JavaThread "Service Thread" daemon [_thread_blocked, id=4427, stack(0x00007fbf78154000,0x00007fbf78255000)]
  0x00007fbf900bd000 JavaThread "C1 CompilerThread2" daemon [_thread_blocked, id=4426, stack(0x00007fbf78255000,0x00007fbf78356000)]
  0x00007fbf900bb800 JavaThread "C2 CompilerThread1" daemon [_thread_blocked, id=4425, stack(0x00007fbf78356000,0x00007fbf78457000)]
  0x00007fbf900b8800 JavaThread "C2 CompilerThread0" daemon [_thread_blocked, id=4424, stack(0x00007fbf78457000,0x00007fbf78558000)]
  0x00007fbf900b7000 JavaThread "Signal Dispatcher" daemon [_thread_blocked, id=4423, stack(0x00007fbf78558000,0x00007fbf78659000)]
  0x00007fbf9007f000 JavaThread "Finalizer" daemon [_thread_blocked, id=4422, stack(0x00007fbf78d3b000,0x00007fbf78e3c000)]
  0x00007fbf9007d000 JavaThread "Reference Handler" daemon [_thread_blocked, id=4421, stack(0x00007fbf78e3c000,0x00007fbf78f3d000)]

Other Threads:
  0x00007fbf90078000 VMThread [stack: 0x00007fbf78f3d000,0x00007fbf7903e000] [id=4420]
  0x00007fbf900c3800 WatcherThread [stack: 0x00007fbf78053000,0x00007fbf78154000] [id=4428]

VM state:not at safepoint (normal execution)

VM Mutex/Monitor currently owned by a thread: None

Heap:
 PSYoungGen      total 27136K, used 5210K [0x00000000e1800000, 0x00000000e4d80000, 0x0000000100000000)
  eden space 24064K, 10% used [0x00000000e1800000,0x00000000e1a5a958,0x00000000e2f80000)
  from space 3072K, 91% used [0x00000000e4a80000,0x00000000e4d3c010,0x00000000e4d80000)
  to   space 3584K, 0% used [0x00000000e4680000,0x00000000e4680000,0x00000000e4a00000)
 ParOldGen       total 62976K, used 15616K [0x00000000a4800000, 0x00000000a8580000, 0x00000000e1800000)
  object space 62976K, 24% used [0x00000000a4800000,0x00000000a5740020,0x00000000a8580000)
 Metaspace       used 14654K, capacity 14906K, committed 15232K, reserved 1062912K
  class space    used 1797K, capacity 1867K, committed 1920K, reserved 1048576K

Card table byte_map: [0x00007fbf951c8000,0x00007fbf954a5000] byte_map_base: 0x00007fbf94ca4000

Marking Bits: (ParMarkBitMap*) 0x00007fbf97bbc100
 Begin Bits: [0x00007fbf79240000, 0x00007fbf7a920000)
 End Bits:   [0x00007fbf7a920000, 0x00007fbf7c000000)

Polling page: 0x00007fbf98809000

CodeCache: size=245760Kb used=5970Kb max_used=6011Kb free=239789Kb
 bounds [0x00007fbf81000000, 0x00007fbf815f0000, 0x00007fbf90000000]
 total_blobs=2366 nmethods=1802 adapters=476
 compilation: enabled

Compilation events (10 events):
Event: 55.303 Thread 0x00007fbf900bd000 1848       3       sun.awt.X11.XFramePeer::handlePropertyNotify (211 bytes)
Event: 55.307 Thread 0x00007fbf900bd000 nmethod 1848 0x00007fbf81308a90 code [0x00007fbf81308f00, 0x00007fbf8130b668]
Event: 56.900 Thread 0x00007fbf900bd000 1850   !   3       java.awt.Component$BltBufferStrategy::showSubRegion (176 bytes)
Event: 56.901 Thread 0x00007fbf900bd000 nmethod 1850 0x00007fbf81307790 code [0x00007fbf813079a0, 0x00007fbf813084a8]
Event: 56.901 Thread 0x00007fbf900bd000 1852       3       sun.awt.X11.Native::getULong (29 bytes)
Event: 56.901 Thread 0x00007fbf900bd000 nmethod 1852 0x00007fbf81307390 code [0x00007fbf81307500, 0x00007fbf813076d0]
Event: 56.901 Thread 0x00007fbf900bd000 1851       3       java.awt.Component::getGraphics_NoClientCode (120 bytes)
Event: 56.902 Thread 0x00007fbf900bd000 nmethod 1851 0x00007fbf81305e10 code [0x00007fbf81306060, 0x00007fbf81306f88]
Event: 1097.788 Thread 0x00007fbf900b8800 1853   !   4       sun.awt.X11.XToolkit::getNextTaskTime (55 bytes)
Event: 1097.794 Thread 0x00007fbf900b8800 nmethod 1853 0x00007fbf81302650 code [0x00007fbf813027e0, 0x00007fbf81302af0]

GC Heap History (4 events):
Event: 0.758 GC heap before
{Heap before GC invocations=1 (full 0):
 PSYoungGen      total 27648K, used 24064K [0x00000000e1800000, 0x00000000e3680000, 0x0000000100000000)
  eden space 24064K, 100% used [0x00000000e1800000,0x00000000e2f80000,0x00000000e2f80000)
  from space 3584K, 0% used [0x00000000e3300000,0x00000000e3300000,0x00000000e3680000)
  to   space 3584K, 0% used [0x00000000e2f80000,0x00000000e2f80000,0x00000000e3300000)
 ParOldGen       total 62976K, used 0K [0x00000000a4800000, 0x00000000a8580000, 0x00000000e1800000)
  object space 62976K, 0% used [0x00000000a4800000,0x00000000a4800000,0x00000000a8580000)
 Metaspace       used 9924K, capacity 10114K, committed 10240K, reserved 1058816K
  class space    used 1139K, capacity 1221K, committed 1280K, reserved 1048576K
Event: 0.767 GC heap after
Heap after GC invocations=1 (full 0):
 PSYoungGen      total 27648K, used 2098K [0x00000000e1800000, 0x00000000e4e00000, 0x0000000100000000)
  eden space 24064K, 0% used [0x00000000e1800000,0x00000000e1800000,0x00000000e2f80000)
  from space 3584K, 58% used [0x00000000e2f80000,0x00000000e318c820,0x00000000e3300000)
  to   space 3584K, 0% used [0x00000000e4a80000,0x00000000e4a80000,0x00000000e4e00000)
 ParOldGen       total 62976K, used 7508K [0x00000000a4800000, 0x00000000a8580000, 0x00000000e1800000)
  object space 62976K, 11% used [0x00000000a4800000,0x00000000a4f55010,0x00000000a8580000)
 Metaspace       used 9924K, capacity 10114K, committed 10240K, reserved 1058816K
  class space    used 1139K, capacity 1221K, committed 1280K, reserved 1048576K
}
Event: 22.985 GC heap before
{Heap before GC invocations=2 (full 0):
 PSYoungGen      total 27648K, used 26162K [0x00000000e1800000, 0x00000000e4e00000, 0x0000000100000000)
  eden space 24064K, 100% used [0x00000000e1800000,0x00000000e2f80000,0x00000000e2f80000)
  from space 3584K, 58% used [0x00000000e2f80000,0x00000000e318c820,0x00000000e3300000)
  to   space 3584K, 0% used [0x00000000e4a80000,0x00000000e4a80000,0x00000000e4e00000)
 ParOldGen       total 62976K, used 7508K [0x00000000a4800000, 0x00000000a8580000, 0x00000000e1800000)
  object space 62976K, 11% used [0x00000000a4800000,0x00000000a4f55010,0x00000000a8580000)
 Metaspace       used 14517K, capacity 14772K, committed 14976K, reserved 1062912K
  class space    used 1789K, capacity 1866K, committed 1920K, reserved 1048576K
Event: 22.994 GC heap after
Heap after GC invocations=2 (full 0):
 PSYoungGen      total 27136K, used 2800K [0x00000000e1800000, 0x00000000e4d80000, 0x0000000100000000)
  eden space 24064K, 0% used [0x00000000e1800000,0x00000000e1800000,0x00000000e2f80000)
  from space 3072K, 91% used [0x00000000e4a80000,0x00000000e4d3c010,0x00000000e4d80000)
  to   space 3584K, 0% used [0x00000000e4680000,0x00000000e4680000,0x00000000e4a00000)
 ParOldGen       total 62976K, used 15616K [0x00000000a4800000, 0x00000000a8580000, 0x00000000e1800000)
  object space 62976K, 24% used [0x00000000a4800000,0x00000000a5740020,0x00000000a8580000)
 Metaspace       used 14517K, capacity 14772K, committed 14976K, reserved 1062912K
  class space    used 1789K, capacity 1866K, committed 1920K, reserved 1048576K
}

Deoptimization events (10 events):
Event: 4.028 Thread 0x00007fbf90263000 Uncommon trap: reason=bimorphic action=maybe_recompile pc=0x00007fbf812721f0 method=java.util.HashMap.getNode(ILjava/lang/Object;)Ljava/util/HashMap$Node; @ 126
Event: 4.028 Thread 0x00007fbf90263000 Uncommon trap: reason=bimorphic action=maybe_recompile pc=0x00007fbf812721f0 method=java.util.HashMap.getNode(ILjava/lang/Object;)Ljava/util/HashMap$Node; @ 126
Event: 4.028 Thread 0x00007fbf90263000 Uncommon trap: reason=class_check action=maybe_recompile pc=0x00007fbf811573f0 method=java.lang.String.equals(Ljava/lang/Object;)Z @ 8
Event: 4.028 Thread 0x00007fbf90263000 Uncommon trap: reason=class_check action=maybe_recompile pc=0x00007fbf811573f0 method=java.lang.String.equals(Ljava/lang/Object;)Z @ 8
Event: 4.128 Thread 0x00007fbf90263000 Uncommon trap: reason=bimorphic action=maybe_recompile pc=0x00007fbf812721f0 method=java.util.HashMap.getNode(ILjava/lang/Object;)Ljava/util/HashMap$Node; @ 126
Event: 4.240 Thread 0x00007fbf90263000 Uncommon trap: reason=bimorphic action=maybe_recompile pc=0x00007fbf812721f0 method=java.util.HashMap.getNode(ILjava/lang/Object;)Ljava/util/HashMap$Node; @ 126
Event: 17.191 Thread 0x00007fbf90263000 Uncommon trap: reason=unstable_if action=reinterpret pc=0x00007fbf81217418 method=java.io.UnixFileSystem.normalize(Ljava/lang/String;)Ljava/lang/String; @ 60
Event: 23.687 Thread 0x00007fbf90263000 Uncommon trap: reason=unstable_if action=reinterpret pc=0x00007fbf81513d34 method=java.lang.StrictMath.floorOrCeil(DDDD)D @ 115
Event: 23.688 Thread 0x00007fbf90263000 Uncommon trap: reason=unstable_if action=reinterpret pc=0x00007fbf815a7dd8 method=javax.swing.DefaultListCellRenderer.firePropertyChange(Ljava/lang/String;Ljava/lang/Object;Ljava/lang/Object;)V @ 20
Event: 25.432 Thread 0x00007fbf90263000 Uncommon trap: reason=unstable_if action=reinterpret pc=0x00007fbf815d25c4 method=java.awt.Component.getInputContext()Ljava/awt/im/InputContext; @ 6

Internal exceptions (10 events):
Event: 0.190 Thread 0x00007fbf90009800 Exception <a 'java/lang/NoSuchFieldError': method resolution failed> (0x00000000e1a3b978) thrown at [/HUDSON3/workspace/8-2-build-linux-amd64/jdk8u73/6086/hotspot/src/share/vm/prims/methodHandles.cpp, line 1146]
Event: 0.193 Thread 0x00007fbf90009800 Exception <a 'java/lang/NoSuchFieldError': method resolution failed> (0x00000000e1a49148) thrown at [/HUDSON3/workspace/8-2-build-linux-amd64/jdk8u73/6086/hotspot/src/share/vm/prims/methodHandles.cpp, line 1146]
Event: 0.230 Thread 0x00007fbf90009800 Exception <a 'java/io/FileNotFoundException'> (0x00000000e1ac8010) thrown at [/HUDSON3/workspace/8-2-build-linux-amd64/jdk8u73/6086/hotspot/src/share/vm/prims/jni.cpp, line 709]
Event: 0.231 Thread 0x00007fbf90009800 Exception <a 'java/io/FileNotFoundException'> (0x00000000e1ac89c0) thrown at [/HUDSON3/workspace/8-2-build-linux-amd64/jdk8u73/6086/hotspot/src/share/vm/prims/jni.cpp, line 709]
Event: 0.813 Thread 0x00007fbf90263000 Exception <a 'java/lang/UnsupportedOperationException': > (0x00000000e1834a10) thrown at [/HUDSON3/workspace/8-2-build-linux-amd64/jdk8u73/6086/hotspot/src/share/vm/prims/jni.cpp, line 735]
Event: 2.415 Thread 0x00007fbf90263000 Exception <a 'java/lang/UnsupportedOperationException': > (0x00000000e1a0ff60) thrown at [/HUDSON3/workspace/8-2-build-linux-amd64/jdk8u73/6086/hotspot/src/share/vm/prims/jni.cpp, line 735]
Event: 13.039 Thread 0x00007fbf90263000 Exception <a 'java/lang/UnsupportedOperationException': > (0x00000000e1b57440) thrown at [/HUDSON3/workspace/8-2-build-linux-amd64/jdk8u73/6086/hotspot/src/share/vm/prims/jni.cpp, line 735]
Event: 14.485 Thread 0x00007fbf90263000 Exception <a 'java/lang/UnsupportedOperationException': > (0x00000000e2b52b00) thrown at [/HUDSON3/workspace/8-2-build-linux-amd64/jdk8u73/6086/hotspot/src/share/vm/prims/jni.cpp, line 735]
Event: 15.671 Thread 0x00007fbf90263000 Exception <a 'java/lang/UnsupportedOperationException': > (0x00000000e2b85208) thrown at [/HUDSON3/workspace/8-2-build-linux-amd64/jdk8u73/6086/hotspot/src/share/vm/prims/jni.cpp, line 735]
Event: 17.323 Thread 0x00007fbf90263000 Exception <a 'java/lang/UnsupportedOperationException': > (0x00000000e2dd8ae8) thrown at [/HUDSON3/workspace/8-2-build-linux-amd64/jdk8u73/6086/hotspot/src/share/vm/prims/jni.cpp, line 735]

Events (10 events):
Event: 41.226 Thread 0x00007fbf900bd000 flushing nmethod 0x00007fbf812666d0
Event: 41.613 Thread 0x00007fbf900bd000 flushing nmethod 0x00007fbf812b9050
Event: 41.613 Thread 0x00007fbf900bd000 flushing nmethod 0x00007fbf812bff50
Event: 41.810 Thread 0x00007fbf900bd000 flushing nmethod 0x00007fbf812f9e90
Event: 41.860 Thread 0x00007fbf900bd000 flushing nmethod 0x00007fbf8138d190
Event: 26814.890 loading class sun/awt/X11/XkbEvent
Event: 26815.026 loading class sun/awt/X11/XkbEvent done
Event: 26815.026 loading class sun/awt/X11/XkbAnyEvent
Event: 26815.069 loading class sun/awt/X11/XkbAnyEvent done
Event: 26816.314 loading class sun/misc/Signal$1


Dynamic libraries:
00400000-00401000 r-xp 00000000 08:07 1185367                            /home/aparna/jdk1.8.0_73/bin/java
00600000-00601000 rw-p 00000000 08:07 1185367                            /home/aparna/jdk1.8.0_73/bin/java
00d00000-00d21000 rw-p 00000000 00:00 0                                  [heap]
a4800000-a8580000 rw-p 00000000 00:00 0 
a8580000-e1800000 ---p 00000000 00:00 0 
e1800000-e4d80000 rw-p 00000000 00:00 0 
e4d80000-100000000 ---p 00000000 00:00 0 
100000000-1001e0000 rw-p 00000000 00:00 0 
1001e0000-140000000 ---p 00000000 00:00 0 
7fbf1c000000-7fbf1c021000 rw-p 00000000 00:00 0 
7fbf1c021000-7fbf20000000 ---p 00000000 00:00 0 
7fbf20000000-7fbf20021000 rw-p 00000000 00:00 0 
7fbf20021000-7fbf24000000 ---p 00000000 00:00 0 
7fbf24000000-7fbf24021000 rw-p 00000000 00:00 0 
7fbf24021000-7fbf28000000 ---p 00000000 00:00 0 
7fbf28000000-7fbf2828d000 rw-p 00000000 00:00 0 
7fbf2828d000-7fbf2c000000 ---p 00000000 00:00 0 
7fbf2f0c4000-7fbf2f817000 rw-s 00000000 00:05 50495503                   /SYSV00000000 (deleted)
7fbf30000000-7fbf30021000 rw-p 00000000 00:00 0 
7fbf30021000-7fbf34000000 ---p 00000000 00:00 0 
7fbf34000000-7fbf342fe000 rw-p 00000000 00:00 0 
7fbf342fe000-7fbf38000000 ---p 00000000 00:00 0 
7fbf38000000-7fbf38027000 rw-p 00000000 00:00 0 
7fbf38027000-7fbf3c000000 ---p 00000000 00:00 0 
7fbf3c000000-7fbf3c02c000 rw-p 00000000 00:00 0 
7fbf3c02c000-7fbf40000000 ---p 00000000 00:00 0 
7fbf40000000-7fbf40021000 rw-p 00000000 00:00 0 
7fbf40021000-7fbf44000000 ---p 00000000 00:00 0 
7fbf44000000-7fbf44021000 rw-p 00000000 00:00 0 
7fbf44021000-7fbf48000000 ---p 00000000 00:00 0 
7fbf4813a000-7fbf4813b000 r--s 00000000 08:07 3152857                    /var/cache/fontconfig/c05880de57d1f5e948fdfacc138775d9-le64.cache-4
7fbf4813b000-7fbf48146000 r--s 00000000 08:07 3152849                    /var/cache/fontconfig/945677eb7aeaf62f1d50efc3fb3ec7d8-le64.cache-4
7fbf48146000-7fbf4814c000 r--s 00000000 08:07 3152834                    /var/cache/fontconfig/2cd17615ca594fa2959ae173292e504c-le64.cache-4
7fbf4814c000-7fbf48153000 r--s 00000000 08:07 3152853                    /var/cache/fontconfig/a755afe4a08bf5b97852ceb7400b47bc-le64.cache-4
7fbf48153000-7fbf48169000 r--s 00000000 08:07 3152829                    /var/cache/fontconfig/04aabc0a78ac019cf9454389977116d2-le64.cache-4
7fbf48169000-7fbf4816d000 r--s 00000000 08:07 3152837                    /var/cache/fontconfig/385c0604a188198f04d133e54aba7fe7-le64.cache-4
7fbf4816d000-7fbf48180000 r--s 00000000 08:07 3152861                    /var/cache/fontconfig/d52a8644073d54c13679302ca1180695-le64.cache-4
7fbf48365000-7fbf48565000 rw-p 00000000 00:00 0 
7fbf48565000-7fbf48568000 ---p 00000000 00:00 0 
7fbf48568000-7fbf48666000 rw-p 00000000 00:00 0                          [stack:4434]
7fbf488b6000-7fbf488b9000 ---p 00000000 00:00 0 
7fbf488b9000-7fbf489b7000 rw-p 00000000 00:00 0                          [stack:4745]
7fbf489b7000-7fbf489ba000 ---p 00000000 00:00 0 
7fbf489ba000-7fbf48ab8000 rw-p 00000000 00:00 0                          [stack:4737]
7fbf48ab8000-7fbf48abb000 ---p 00000000 00:00 0 
7fbf48abb000-7fbf48cb9000 rw-p 00000000 00:00 0                          [stack:4736]
7fbf48cb9000-7fbf48db9000 ---p 00000000 00:00 0 
7fbf48db9000-7fbf48e22000 r-xp 00000000 08:07 2099872                    /home/aparna/jdk1.8.0_73/jre/lib/amd64/libt2k.so
7fbf48e22000-7fbf49022000 ---p 00069000 08:07 2099872                    /home/aparna/jdk1.8.0_73/jre/lib/amd64/libt2k.so
7fbf49022000-7fbf49029000 rw-p 00069000 08:07 2099872                    /home/aparna/jdk1.8.0_73/jre/lib/amd64/libt2k.so
7fbf49029000-7fbf49039000 rw-p 00000000 00:00 0 
7fbf49039000-7fbf4904a000 r-xp 00000000 08:07 2099870                    /home/aparna/jdk1.8.0_73/jre/lib/amd64/libnio.so
7fbf4904a000-7fbf49249000 ---p 00011000 08:07 2099870                    /home/aparna/jdk1.8.0_73/jre/lib/amd64/libnio.so
7fbf49249000-7fbf4924a000 rw-p 00010000 08:07 2099870                    /home/aparna/jdk1.8.0_73/jre/lib/amd64/libnio.so
7fbf4924a000-7fbf4954b000 rw-p 00000000 00:00 0 
7fbf4954b000-7fbf49561000 r-xp 00000000 08:07 2099871                    /home/aparna/jdk1.8.0_73/jre/lib/amd64/libnet.so
7fbf49561000-7fbf49761000 ---p 00016000 08:07 2099871                    /home/aparna/jdk1.8.0_73/jre/lib/amd64/libnet.so
7fbf49761000-7fbf49762000 rw-p 00016000 08:07 2099871                    /home/aparna/jdk1.8.0_73/jre/lib/amd64/libnet.so
7fbf49762000-7fbf49962000 rw-p 00000000 00:00 0 
7fbf49962000-7fbf49965000 ---p 00000000 00:00 0 
7fbf49965000-7fbf49a63000 rw-p 00000000 00:00 0                          [stack:4433]
7fbf49a63000-7fbf49a66000 ---p 00000000 00:00 0 
7fbf49a66000-7fbf49b64000 rw-p 00000000 00:00 0                          [stack:4432]
7fbf49b64000-7fbf49b9e000 r-xp 00000000 08:07 2099842                    /home/aparna/jdk1.8.0_73/jre/lib/amd64/libjpeg.so
7fbf49b9e000-7fbf49d9e000 ---p 0003a000 08:07 2099842                    /home/aparna/jdk1.8.0_73/jre/lib/amd64/libjpeg.so
7fbf49d9e000-7fbf49d9f000 rw-p 0003a000 08:07 2099842                    /home/aparna/jdk1.8.0_73/jre/lib/amd64/libjpeg.so
7fbf49d9f000-7fbf49da2000 ---p 00000000 00:00 0 
7fbf49da2000-7fbf49ea0000 rw-p 00000000 00:00 0                          [stack:4735]
7fbf49ea0000-7fbf49ea3000 ---p 00000000 00:00 0 
7fbf49ea3000-7fbf49fa1000 rw-p 00000000 00:00 0                          [stack:4430]
7fbf49fa1000-7fbf49fa6000 r-xp 00000000 08:07 2893473                    /usr/lib/x86_64-linux-gnu/libXfixes.so.3.1.0
7fbf49fa6000-7fbf4a1a5000 ---p 00005000 08:07 2893473                    /usr/lib/x86_64-linux-gnu/libXfixes.so.3.1.0
7fbf4a1a5000-7fbf4a1a6000 r--p 00004000 08:07 2893473                    /usr/lib/x86_64-linux-gnu/libXfixes.so.3.1.0
7fbf4a1a6000-7fbf4a1a7000 rw-p 00005000 08:07 2893473                    /usr/lib/x86_64-linux-gnu/libXfixes.so.3.1.0
7fbf4a1a7000-7fbf4a1b0000 r-xp 00000000 08:07 2893465                    /usr/lib/x86_64-linux-gnu/libXcursor.so.1.0.2
7fbf4a1b0000-7fbf4a3af000 ---p 00009000 08:07 2893465                    /usr/lib/x86_64-linux-gnu/libXcursor.so.1.0.2
7fbf4a3af000-7fbf4a3b0000 r--p 00008000 08:07 2893465                    /usr/lib/x86_64-linux-gnu/libXcursor.so.1.0.2
7fbf4a3b0000-7fbf4a3b1000 rw-p 00009000 08:07 2893465                    /usr/lib/x86_64-linux-gnu/libXcursor.so.1.0.2
7fbf4a3b1000-7fbf4a3b4000 ---p 00000000 00:00 0 
7fbf4a3b4000-7fbf4a4b2000 rw-p 00000000 00:00 0                          [stack:4429]
7fbf4a4b2000-7fbf4a4c8000 r-xp 00000000 08:07 917597                     /lib/x86_64-linux-gnu/libgcc_s.so.1
7fbf4a4c8000-7fbf4a6c7000 ---p 00016000 08:07 917597                     /lib/x86_64-linux-gnu/libgcc_s.so.1
7fbf4a6c7000-7fbf4a6c8000 rw-p 00015000 08:07 917597                     /lib/x86_64-linux-gnu/libgcc_s.so.1
7fbf4a6c8000-7fbf4a72d000 r-xp 00000000 08:07 2099739                    /home/aparna/jdk1.8.0_73/jre/lib/amd64/libfontmanager.so
7fbf4a72d000-7fbf4a92c000 ---p 00065000 08:07 2099739                    /home/aparna/jdk1.8.0_73/jre/lib/amd64/libfontmanager.so
7fbf4a92c000-7fbf4a931000 rw-p 00064000 08:07 2099739                    /home/aparna/jdk1.8.0_73/jre/lib/amd64/libfontmanager.so
7fbf4a931000-7fbf4a941000 rw-p 00000000 00:00 0 
7fbf4a941000-7fbf4a946000 r-xp 00000000 08:07 2893469                    /usr/lib/x86_64-linux-gnu/libXdmcp.so.6.0.0
7fbf4a946000-7fbf4ab45000 ---p 00005000 08:07 2893469                    /usr/lib/x86_64-linux-gnu/libXdmcp.so.6.0.0
7fbf4ab45000-7fbf4ab46000 r--p 00004000 08:07 2893469                    /usr/lib/x86_64-linux-gnu/libXdmcp.so.6.0.0
7fbf4ab46000-7fbf4ab47000 rw-p 00005000 08:07 2893469                    /usr/lib/x86_64-linux-gnu/libXdmcp.so.6.0.0
7fbf4ab47000-7fbf4ab49000 r-xp 00000000 08:07 2893458                    /usr/lib/x86_64-linux-gnu/libXau.so.6.0.0
7fbf4ab49000-7fbf4ad49000 ---p 00002000 08:07 2893458                    /usr/lib/x86_64-linux-gnu/libXau.so.6.0.0
7fbf4ad49000-7fbf4ad4a000 r--p 00002000 08:07 2893458                    /usr/lib/x86_64-linux-gnu/libXau.so.6.0.0
7fbf4ad4a000-7fbf4ad4b000 rw-p 00003000 08:07 2893458                    /usr/lib/x86_64-linux-gnu/libXau.so.6.0.0
7fbf4ad4b000-7fbf4ad68000 r-xp 00000000 08:07 2894656                    /usr/lib/x86_64-linux-gnu/libxcb.so.1.1.0
7fbf4ad68000-7fbf4af68000 ---p 0001d000 08:07 2894656                    /usr/lib/x86_64-linux-gnu/libxcb.so.1.1.0
7fbf4af68000-7fbf4af69000 r--p 0001d000 08:07 2894656                    /usr/lib/x86_64-linux-gnu/libxcb.so.1.1.0
7fbf4af69000-7fbf4af6a000 rw-p 0001e000 08:07 2894656                    /usr/lib/x86_64-linux-gnu/libxcb.so.1.1.0
7fbf4af6a000-7fbf4af79000 r-xp 00000000 08:07 2893479                    /usr/lib/x86_64-linux-gnu/libXi.so.6.1.0
7fbf4af79000-7fbf4b178000 ---p 0000f000 08:07 2893479                    /usr/lib/x86_64-linux-gnu/libXi.so.6.1.0
7fbf4b178000-7fbf4b179000 r--p 0000e000 08:07 2893479                    /usr/lib/x86_64-linux-gnu/libXi.so.6.1.0
7fbf4b179000-7fbf4b17a000 rw-p 0000f000 08:07 2893479                    /usr/lib/x86_64-linux-gnu/libXi.so.6.1.0
7fbf4b17a000-7fbf4b17f000 r-xp 00000000 08:07 2893499                    /usr/lib/x86_64-linux-gnu/libXtst.so.6.1.0
7fbf4b17f000-7fbf4b37e000 ---p 00005000 08:07 2893499                    /usr/lib/x86_64-linux-gnu/libXtst.so.6.1.0
7fbf4b37e000-7fbf4b37f000 r--p 00004000 08:07 2893499                    /usr/lib/x86_64-linux-gnu/libXtst.so.6.1.0
7fbf4b37f000-7fbf4b380000 rw-p 00005000 08:07 2893499                    /usr/lib/x86_64-linux-gnu/libXtst.so.6.1.0
7fbf4b380000-7fbf4b389000 r-xp 00000000 08:07 2893493                    /usr/lib/x86_64-linux-gnu/libXrender.so.1.3.0
7fbf4b389000-7fbf4b588000 ---p 00009000 08:07 2893493                    /usr/lib/x86_64-linux-gnu/libXrender.so.1.3.0
7fbf4b588000-7fbf4b589000 r--p 00008000 08:07 2893493                    /usr/lib/x86_64-linux-gnu/libXrender.so.1.3.0
7fbf4b589000-7fbf4b58a000 rw-p 00009000 08:07 2893493                    /usr/lib/x86_64-linux-gnu/libXrender.so.1.3.0
7fbf4b58a000-7fbf4b6bd000 r-xp 00000000 08:07 2893454                    /usr/lib/x86_64-linux-gnu/libX11.so.6.3.0
7fbf4b6bd000-7fbf4b8bd000 ---p 00133000 08:07 2893454                    /usr/lib/x86_64-linux-gnu/libX11.so.6.3.0
7fbf4b8bd000-7fbf4b8be000 r--p 00133000 08:07 2893454                    /usr/lib/x86_64-linux-gnu/libX11.so.6.3.0
7fbf4b8be000-7fbf4b8c2000 rw-p 00134000 08:07 2893454                    /usr/lib/x86_64-linux-gnu/libX11.so.6.3.0
7fbf4b8c2000-7fbf4b8c3000 rw-p 00000000 00:00 0 
7fbf4b8c3000-7fbf4b8d4000 r-xp 00000000 08:07 2893471                    /usr/lib/x86_64-linux-gnu/libXext.so.6.4.0
7fbf4b8d4000-7fbf4bad3000 ---p 00011000 08:07 2893471                    /usr/lib/x86_64-linux-gnu/libXext.so.6.4.0
7fbf4bad3000-7fbf4bad4000 r--p 00010000 08:07 2893471                    /usr/lib/x86_64-linux-gnu/libXext.so.6.4.0
7fbf4bad4000-7fbf4bad5000 rw-p 00011000 08:07 2893471                    /usr/lib/x86_64-linux-gnu/libXext.so.6.4.0
7fbf4bad5000-7fbf4bb29000 r-xp 00000000 08:07 2099783                    /home/aparna/jdk1.8.0_73/jre/lib/amd64/libawt_xawt.so
7fbf4bb29000-7fbf4bd29000 ---p 00054000 08:07 2099783                    /home/aparna/jdk1.8.0_73/jre/lib/amd64/libawt_xawt.so
7fbf4bd29000-7fbf4bd2d000 rw-p 00054000 08:07 2099783                    /home/aparna/jdk1.8.0_73/jre/lib/amd64/libawt_xawt.so
7fbf4bd2d000-7fbf4bd2e000 rw-p 00000000 00:00 0 
7fbf4bd2e000-7fbf4bdd0000 r-xp 00000000 08:07 2099873                    /home/aparna/jdk1.8.0_73/jre/lib/amd64/libawt.so
7fbf4bdd0000-7fbf4bfd0000 ---p 000a2000 08:07 2099873                    /home/aparna/jdk1.8.0_73/jre/lib/amd64/libawt.so
7fbf4bfd0000-7fbf4bfdc000 rw-p 000a2000 08:07 2099873                    /home/aparna/jdk1.8.0_73/jre/lib/amd64/libawt.so
7fbf4bfdc000-7fbf4c000000 rw-p 00000000 00:00 0 
7fbf4c000000-7fbf4c705000 rw-p 00000000 00:00 0 
7fbf4c705000-7fbf50000000 ---p 00000000 00:00 0 
7fbf50000000-7fbf50021000 rw-p 00000000 00:00 0 
7fbf50021000-7fbf54000000 ---p 00000000 00:00 0 
7fbf54000000-7fbf541ba000 rw-p 00000000 00:00 0 
7fbf541ba000-7fbf58000000 ---p 00000000 00:00 0 
7fbf58000000-7fbf58297000 rw-p 00000000 00:00 0 
7fbf58297000-7fbf5c000000 ---p 00000000 00:00 0 
7fbf5c000000-7fbf5c021000 rw-p 00000000 00:00 0 
7fbf5c021000-7fbf60000000 ---p 00000000 00:00 0 
7fbf60000000-7fbf60021000 rw-p 00000000 00:00 0 
7fbf60021000-7fbf64000000 ---p 00000000 00:00 0 
7fbf64000000-7fbf64021000 rw-p 00000000 00:00 0 
7fbf64021000-7fbf68000000 ---p 00000000 00:00 0 
7fbf68000000-7fbf68021000 rw-p 00000000 00:00 0 
7fbf68021000-7fbf6c000000 ---p 00000000 00:00 0 
7fbf6c000000-7fbf6c021000 rw-p 00000000 00:00 0 
7fbf6c021000-7fbf70000000 ---p 00000000 00:00 0 
7fbf70000000-7fbf70021000 rw-p 00000000 00:00 0 
7fbf70021000-7fbf74000000 ---p 00000000 00:00 0 
7fbf74000000-7fbf74021000 rw-p 00000000 00:00 0 
7fbf74021000-7fbf78000000 ---p 00000000 00:00 0 
7fbf78000000-7fbf78001000 r--s 00000000 08:07 3152831                    /var/cache/fontconfig/0d8c3b2ac0904cb8a57a757ad11a4a08-le64.cache-4
7fbf78001000-7fbf78002000 r--s 00000000 08:07 3152852                    /var/cache/fontconfig/a6354e3ac43af67bd8d7b8e43c34e49f-le64.cache-4
7fbf78002000-7fbf78003000 r--s 00000000 08:07 3152833                    /var/cache/fontconfig/1ac9eb803944fde146138c791f5cc56a-le64.cache-4
7fbf78003000-7fbf78004000 r--s 00000000 08:07 3152864                    /var/cache/fontconfig/dc05db6664285cc2f12bf69c139ae4c3-le64.cache-4
7fbf78004000-7fbf78006000 r--s 00000000 08:07 3152846                    /var/cache/fontconfig/767a8244fc0220cfb567a839d0392e0b-le64.cache-4
7fbf78006000-7fbf7800b000 r--s 00000000 08:07 3152848                    /var/cache/fontconfig/8801497958630a81b71ace7c5f9b32a8-le64.cache-4
7fbf7800b000-7fbf7800f000 r--s 00000000 08:07 3154542                    /var/cache/fontconfig/c57959a16110560c8d0fcea73374aeeb-le64.cache-4
7fbf7800f000-7fbf78019000 r--s 00000000 08:07 3152838                    /var/cache/fontconfig/3f7329c5293ffd510edef78f73874cfd-le64.cache-4
7fbf78019000-7fbf78024000 r--s 00000000 08:07 3154458                    /var/cache/fontconfig/d589a48862398ed80a3d6066f4f56f4c-le64.cache-4
7fbf78053000-7fbf78054000 ---p 00000000 00:00 0 
7fbf78054000-7fbf78154000 rw-p 00000000 00:00 0                          [stack:4428]
7fbf78154000-7fbf78157000 ---p 00000000 00:00 0 
7fbf78157000-7fbf78255000 rw-p 00000000 00:00 0                          [stack:4427]
7fbf78255000-7fbf78258000 ---p 00000000 00:00 0 
7fbf78258000-7fbf78356000 rw-p 00000000 00:00 0                          [stack:4426]
7fbf78356000-7fbf78359000 ---p 00000000 00:00 0 
7fbf78359000-7fbf78457000 rw-p 00000000 00:00 0                          [stack:4425]
7fbf78457000-7fbf7845a000 ---p 00000000 00:00 0 
7fbf7845a000-7fbf78558000 rw-p 00000000 00:00 0                          [stack:4424]
7fbf78558000-7fbf7855b000 ---p 00000000 00:00 0 
7fbf7855b000-7fbf78659000 rw-p 00000000 00:00 0                          [stack:4423]
7fbf78659000-7fbf78d3b000 r--p 00000000 08:07 2892196                    /usr/lib/locale/locale-archive
7fbf78d3b000-7fbf78d3e000 ---p 00000000 00:00 0 
7fbf78d3e000-7fbf78e3c000 rw-p 00000000 00:00 0                          [stack:4422]
7fbf78e3c000-7fbf78e3f000 ---p 00000000 00:00 0 
7fbf78e3f000-7fbf78f3d000 rw-p 00000000 00:00 0                          [stack:4421]
7fbf78f3d000-7fbf78f3e000 ---p 00000000 00:00 0 
7fbf78f3e000-7fbf7c000000 rw-p 00000000 00:00 0                          [stack:4420]
7fbf7c000000-7fbf7c021000 rw-p 00000000 00:00 0 
7fbf7c021000-7fbf80000000 ---p 00000000 00:00 0 
7fbf80000000-7fbf80001000 r--s 00000000 08:07 3149147                    /var/cache/fontconfig/4794a0821666d79190d59a36cb4f44b5-le64.cache-4
7fbf80001000-7fbf80008000 r--s 00000000 08:07 3152835                    /var/cache/fontconfig/3047814df9a2f067bd2d96a2b9c36e5a-le64.cache-4
7fbf800b8000-7fbf80e28000 rw-p 00000000 00:00 0 
7fbf80e28000-7fbf81000000 r--s 03d23000 08:07 1973853                    /home/aparna/jdk1.8.0_73/jre/lib/rt.jar
7fbf81000000-7fbf815f0000 rwxp 00000000 00:00 0 
7fbf815f0000-7fbf90000000 ---p 00000000 00:00 0 
7fbf90000000-7fbf90289000 rw-p 00000000 00:00 0 
7fbf90289000-7fbf94000000 ---p 00000000 00:00 0 
7fbf94000000-7fbf94001000 r--s 00000000 08:07 3152856                    /var/cache/fontconfig/bab58bb527bb656aaa9f116d68a48d89-le64.cache-4
7fbf9401a000-7fbf94bdc000 rw-p 00000000 00:00 0 
7fbf94bdc000-7fbf94bdd000 ---p 00000000 00:00 0 
7fbf94bdd000-7fbf94cdd000 rw-p 00000000 00:00 0                          [stack:4419]
7fbf94cdd000-7fbf94cde000 ---p 00000000 00:00 0 
7fbf94cde000-7fbf94dde000 rw-p 00000000 00:00 0                          [stack:4418]
7fbf94dde000-7fbf94ddf000 ---p 00000000 00:00 0 
7fbf94ddf000-7fbf94edf000 rw-p 00000000 00:00 0                          [stack:4417]
7fbf94edf000-7fbf94ee0000 ---p 00000000 00:00 0 
7fbf94ee0000-7fbf94fff000 rw-p 00000000 00:00 0                          [stack:4416]
7fbf94fff000-7fbf951c8000 ---p 00000000 00:00 0 
7fbf951c8000-7fbf951e7000 rw-p 00000000 00:00 0 
7fbf951e7000-7fbf953b0000 ---p 00000000 00:00 0 
7fbf953b0000-7fbf953cb000 rw-p 00000000 00:00 0 
7fbf953cb000-7fbf954a4000 ---p 00000000 00:00 0 
7fbf954a4000-7fbf954bd000 rw-p 00000000 00:00 0 
7fbf954bd000-7fbf95865000 ---p 00000000 00:00 0 
7fbf95865000-7fbf9587f000 r-xp 00000000 08:07 2099869                    /home/aparna/jdk1.8.0_73/jre/lib/amd64/libzip.so
7fbf9587f000-7fbf95a7f000 ---p 0001a000 08:07 2099869                    /home/aparna/jdk1.8.0_73/jre/lib/amd64/libzip.so
7fbf95a7f000-7fbf95a80000 rw-p 0001a000 08:07 2099869                    /home/aparna/jdk1.8.0_73/jre/lib/amd64/libzip.so
7fbf95a80000-7fbf95a8c000 r-xp 00000000 08:07 922090                     /lib/x86_64-linux-gnu/libnss_files-2.21.so
7fbf95a8c000-7fbf95c8b000 ---p 0000c000 08:07 922090                     /lib/x86_64-linux-gnu/libnss_files-2.21.so
7fbf95c8b000-7fbf95c8c000 r--p 0000b000 08:07 922090                     /lib/x86_64-linux-gnu/libnss_files-2.21.so
7fbf95c8c000-7fbf95c8d000 rw-p 0000c000 08:07 922090                     /lib/x86_64-linux-gnu/libnss_files-2.21.so
7fbf95c8d000-7fbf95c98000 r-xp 00000000 08:07 922100                     /lib/x86_64-linux-gnu/libnss_nis-2.21.so
7fbf95c98000-7fbf95e97000 ---p 0000b000 08:07 922100                     /lib/x86_64-linux-gnu/libnss_nis-2.21.so
7fbf95e97000-7fbf95e98000 r--p 0000a000 08:07 922100                     /lib/x86_64-linux-gnu/libnss_nis-2.21.so
7fbf95e98000-7fbf95e99000 rw-p 0000b000 08:07 922100                     /lib/x86_64-linux-gnu/libnss_nis-2.21.so
7fbf95e99000-7fbf95eb0000 r-xp 00000000 08:07 922084                     /lib/x86_64-linux-gnu/libnsl-2.21.so
7fbf95eb0000-7fbf960af000 ---p 00017000 08:07 922084                     /lib/x86_64-linux-gnu/libnsl-2.21.so
7fbf960af000-7fbf960b0000 r--p 00016000 08:07 922084                     /lib/x86_64-linux-gnu/libnsl-2.21.so
7fbf960b0000-7fbf960b1000 rw-p 00017000 08:07 922084                     /lib/x86_64-linux-gnu/libnsl-2.21.so
7fbf960b1000-7fbf960b3000 rw-p 00000000 00:00 0 
7fbf960b3000-7fbf960bb000 r-xp 00000000 08:07 922086                     /lib/x86_64-linux-gnu/libnss_compat-2.21.so
7fbf960bb000-7fbf962ba000 ---p 00008000 08:07 922086                     /lib/x86_64-linux-gnu/libnss_compat-2.21.so
7fbf962ba000-7fbf962bb000 r--p 00007000 08:07 922086                     /lib/x86_64-linux-gnu/libnss_compat-2.21.so
7fbf962bb000-7fbf962bc000 rw-p 00008000 08:07 922086                     /lib/x86_64-linux-gnu/libnss_compat-2.21.so
7fbf962bc000-7fbf962e6000 r-xp 00000000 08:07 2099848                    /home/aparna/jdk1.8.0_73/jre/lib/amd64/libjava.so
7fbf962e6000-7fbf964e6000 ---p 0002a000 08:07 2099848                    /home/aparna/jdk1.8.0_73/jre/lib/amd64/libjava.so
7fbf964e6000-7fbf964e8000 rw-p 0002a000 08:07 2099848                    /home/aparna/jdk1.8.0_73/jre/lib/amd64/libjava.so
7fbf964e8000-7fbf964f5000 r-xp 00000000 08:07 2099819                    /home/aparna/jdk1.8.0_73/jre/lib/amd64/libverify.so
7fbf964f5000-7fbf966f5000 ---p 0000d000 08:07 2099819                    /home/aparna/jdk1.8.0_73/jre/lib/amd64/libverify.so
7fbf966f5000-7fbf966f7000 rw-p 0000d000 08:07 2099819                    /home/aparna/jdk1.8.0_73/jre/lib/amd64/libverify.so
7fbf966f7000-7fbf966fe000 r-xp 00000000 08:07 922145                     /lib/x86_64-linux-gnu/librt-2.21.so
7fbf966fe000-7fbf968fd000 ---p 00007000 08:07 922145                     /lib/x86_64-linux-gnu/librt-2.21.so
7fbf968fd000-7fbf968fe000 r--p 00006000 08:07 922145                     /lib/x86_64-linux-gnu/librt-2.21.so
7fbf968fe000-7fbf968ff000 rw-p 00007000 08:07 922145                     /lib/x86_64-linux-gnu/librt-2.21.so
7fbf968ff000-7fbf96a06000 r-xp 00000000 08:07 922063                     /lib/x86_64-linux-gnu/libm-2.21.so
7fbf96a06000-7fbf96c05000 ---p 00107000 08:07 922063                     /lib/x86_64-linux-gnu/libm-2.21.so
7fbf96c05000-7fbf96c06000 r--p 00106000 08:07 922063                     /lib/x86_64-linux-gnu/libm-2.21.so
7fbf96c06000-7fbf96c07000 rw-p 00107000 08:07 922063                     /lib/x86_64-linux-gnu/libm-2.21.so
7fbf96c07000-7fbf978c6000 r-xp 00000000 08:07 2099748                    /home/aparna/jdk1.8.0_73/jre/lib/amd64/server/libjvm.so
7fbf978c6000-7fbf97ac5000 ---p 00cbf000 08:07 2099748                    /home/aparna/jdk1.8.0_73/jre/lib/amd64/server/libjvm.so
7fbf97ac5000-7fbf97b9e000 rw-p 00cbe000 08:07 2099748                    /home/aparna/jdk1.8.0_73/jre/lib/amd64/server/libjvm.so
7fbf97b9e000-7fbf97be7000 rw-p 00000000 00:00 0 
7fbf97be7000-7fbf97da7000 r-xp 00000000 08:07 922004                     /lib/x86_64-linux-gnu/libc-2.21.so
7fbf97da7000-7fbf97fa7000 ---p 001c0000 08:07 922004                     /lib/x86_64-linux-gnu/libc-2.21.so
7fbf97fa7000-7fbf97fab000 r--p 001c0000 08:07 922004                     /lib/x86_64-linux-gnu/libc-2.21.so
7fbf97fab000-7fbf97fad000 rw-p 001c4000 08:07 922004                     /lib/x86_64-linux-gnu/libc-2.21.so
7fbf97fad000-7fbf97fb1000 rw-p 00000000 00:00 0 
7fbf97fb1000-7fbf97fb4000 r-xp 00000000 08:07 922021                     /lib/x86_64-linux-gnu/libdl-2.21.so
7fbf97fb4000-7fbf981b3000 ---p 00003000 08:07 922021                     /lib/x86_64-linux-gnu/libdl-2.21.so
7fbf981b3000-7fbf981b4000 r--p 00002000 08:07 922021                     /lib/x86_64-linux-gnu/libdl-2.21.so
7fbf981b4000-7fbf981b5000 rw-p 00003000 08:07 922021                     /lib/x86_64-linux-gnu/libdl-2.21.so
7fbf981b5000-7fbf981ca000 r-xp 00000000 08:07 1055511                    /home/aparna/jdk1.8.0_73/lib/amd64/jli/libjli.so
7fbf981ca000-7fbf983ca000 ---p 00015000 08:07 1055511                    /home/aparna/jdk1.8.0_73/lib/amd64/jli/libjli.so
7fbf983ca000-7fbf983cb000 rw-p 00015000 08:07 1055511                    /home/aparna/jdk1.8.0_73/lib/amd64/jli/libjli.so
7fbf983cb000-7fbf983e3000 r-xp 00000000 08:07 922137                     /lib/x86_64-linux-gnu/libpthread-2.21.so
7fbf983e3000-7fbf985e3000 ---p 00018000 08:07 922137                     /lib/x86_64-linux-gnu/libpthread-2.21.so
7fbf985e3000-7fbf985e4000 r--p 00018000 08:07 922137                     /lib/x86_64-linux-gnu/libpthread-2.21.so
7fbf985e4000-7fbf985e5000 rw-p 00019000 08:07 922137                     /lib/x86_64-linux-gnu/libpthread-2.21.so
7fbf985e5000-7fbf985e9000 rw-p 00000000 00:00 0 
7fbf985e9000-7fbf9860d000 r-xp 00000000 08:07 921976                     /lib/x86_64-linux-gnu/ld-2.21.so
7fbf9860d000-7fbf9860e000 r--s 00000000 08:07 3152842                    /var/cache/fontconfig/56cf4f4769d0f4abc89a4895d7bd3ae1-le64.cache-4
7fbf9860e000-7fbf9860f000 r--s 00000000 08:07 3152855                    /var/cache/fontconfig/b9d506c9ac06c20b433354fa67a72993-le64.cache-4
7fbf9860f000-7fbf98615000 r--s 00000000 08:07 3152854                    /var/cache/fontconfig/b47c4e1ecd0709278f4910c18777a504-le64.cache-4
7fbf98619000-7fbf9862b000 r--s 00345000 08:07 1973819                    /home/aparna/jdk1.8.0_73/jre/lib/resources.jar
7fbf9862b000-7fbf986ec000 rw-p 00000000 00:00 0 
7fbf986ec000-7fbf986ef000 ---p 00000000 00:00 0 
7fbf986ef000-7fbf987f1000 rw-p 00000000 00:00 0                          [stack:4413]
7fbf987f1000-7fbf987f2000 r--s 00000000 08:07 3152841                    /var/cache/fontconfig/551ecf3b0e8b0bca0f25c0944f561853-le64.cache-4
7fbf987f2000-7fbf987f3000 r--s 00000000 08:07 3152830                    /var/cache/fontconfig/0c9eb80ebd1c36541ebe2852d3bb0c49-le64.cache-4
7fbf987f3000-7fbf987f6000 r--s 00000000 08:07 3147140                    /var/cache/fontconfig/e13b20fdb08344e0e664864cc2ede53d-le64.cache-4
7fbf987f6000-7fbf987fa000 r--s 00000000 08:07 3149152                    /var/cache/fontconfig/7ef2298fde41cc6eeb7af42e48b7d293-le64.cache-4
7fbf987fa000-7fbf98800000 r--s 002f8000 08:07 1973841                    /home/aparna/jdk1.8.0_73/jre/lib/charsets.jar
7fbf98800000-7fbf98808000 rw-s 00000000 08:07 1586668                    /tmp/hsperfdata_aparna/4411
7fbf98808000-7fbf98809000 rw-p 00000000 00:00 0 
7fbf98809000-7fbf9880a000 r--p 00000000 00:00 0 
7fbf9880a000-7fbf9880c000 rw-p 00000000 00:00 0 
7fbf9880c000-7fbf9880d000 r--p 00023000 08:07 921976                     /lib/x86_64-linux-gnu/ld-2.21.so
7fbf9880d000-7fbf9880e000 rw-p 00024000 08:07 921976                     /lib/x86_64-linux-gnu/ld-2.21.so
7fbf9880e000-7fbf9880f000 rw-p 00000000 00:00 0 
7ffd967c7000-7ffd967e8000 rw-p 00000000 00:00 0                          [stack]
7ffd967f0000-7ffd967f2000 r--p 00000000 00:00 0                          [vvar]
7ffd967f2000-7ffd967f4000 r-xp 00000000 00:00 0                          [vdso]
ffffffffff600000-ffffffffff601000 r-xp 00000000 00:00 0                  [vsyscall]

VM Arguments:
jvm_args: -Dfile.encoding=UTF-8 
java_command: Javaminiproject.Javaminiproject
java_class_path (initial): /home/aparna/NetBeansProjects/Javaminiproject/build/classes
Launcher Type: SUN_STANDARD

Environment Variables:
PATH=/usr/local/sbin:/usr/local/bin:/usr/sbin:/usr/bin:/sbin:/bin:/usr/games:/usr/local/games
LD_LIBRARY_PATH=/home/aparna/jdk1.8.0_73/jre/lib/amd64:/home/aparna/jdk1.8.0_73/jre/lib/i386:
SHELL=/bin/bash
DISPLAY=:0

Signal Handlers:
SIGSEGV: [libjvm.so+0xabafa0], sa_mask[0]=11111111011111111101111111111110, sa_flags=SA_RESTART|SA_SIGINFO
SIGBUS: [libjvm.so+0xabafa0], sa_mask[0]=11111111011111111101111111111110, sa_flags=SA_RESTART|SA_SIGINFO
SIGFPE: [libjvm.so+0x9183c0], sa_mask[0]=11111111011111111101111111111110, sa_flags=SA_RESTART|SA_SIGINFO
SIGPIPE: [libjvm.so+0x9183c0], sa_mask[0]=11111111011111111101111111111110, sa_flags=SA_RESTART|SA_SIGINFO
SIGXFSZ: [libjvm.so+0x9183c0], sa_mask[0]=11111111011111111101111111111110, sa_flags=SA_RESTART|SA_SIGINFO
SIGILL: [libjvm.so+0x9183c0], sa_mask[0]=11111111011111111101111111111110, sa_flags=SA_RESTART|SA_SIGINFO
SIGUSR1: SIG_DFL, sa_mask[0]=00000000000000000000000000000000, sa_flags=none
SIGUSR2: [libjvm.so+0x9199f0], sa_mask[0]=00100000000000000000000000000000, sa_flags=SA_RESTART|SA_SIGINFO
SIGHUP: [libjvm.so+0x91adf0], sa_mask[0]=11111111011111111101111111111110, sa_flags=SA_RESTART|SA_SIGINFO
SIGINT: SIG_IGN, sa_mask[0]=00000000000000000000000000000000, sa_flags=none
SIGTERM: [libjvm.so+0x91adf0], sa_mask[0]=11111111011111111101111111111110, sa_flags=SA_RESTART|SA_SIGINFO
SIGQUIT: [libjvm.so+0x91adf0], sa_mask[0]=11111111011111111101111111111110, sa_flags=SA_RESTART|SA_SIGINFO


---------------  S Y S T E M  ---------------

OS:DISTRIB_ID=Ubuntu
DISTRIB_RELEASE=15.04
DISTRIB_CODENAME=vivid
DISTRIB_DESCRIPTION="Ubuntu 15.04"

uname:Linux 3.19.0-39-generic #44-Ubuntu SMP Tue Dec 1 14:39:05 UTC 2015 x86_64
libc:glibc 2.21 NPTL 2.21 
rlimit: STACK 8192k, CORE 0k, NPROC 23055, NOFILE 65536, AS infinity
load average:1.16 0.29 0.13

/proc/meminfo:
MemTotal:        5989364 kB
MemFree:         4726912 kB
MemAvailable:    4889056 kB
Buffers:           45676 kB
Cached:           280824 kB
SwapCached:        23896 kB
Active:           622712 kB
Inactive:         494652 kB
Active(anon):     458216 kB
Inactive(anon):   353928 kB
Active(file):     164496 kB
Inactive(file):   140724 kB
Unevictable:          48 kB
Mlocked:              48 kB
SwapTotal:         31596 kB
SwapFree:              0 kB
Dirty:               116 kB
Writeback:             0 kB
AnonPages:        767444 kB
Mapped:            76272 kB
Shmem:             20856 kB
Slab:              79348 kB
SReclaimable:      51732 kB
SUnreclaim:        27616 kB
KernelStack:        5024 kB
PageTables:         6760 kB
NFS_Unstable:          0 kB
Bounce:                0 kB
WritebackTmp:          0 kB
CommitLimit:     2994680 kB
Committed_AS:    1218888 kB
VmallocTotal:   34359738367 kB
VmallocUsed:      554552 kB
VmallocChunk:   34359121192 kB
HardwareCorrupted:     0 kB
AnonHugePages:    626688 kB
CmaTotal:              0 kB
CmaFree:               0 kB
HugePages_Total:       0
HugePages_Free:        0
HugePages_Rsvd:        0
HugePages_Surp:        0
Hugepagesize:       2048 kB
DirectMap4k:      103872 kB
DirectMap2M:     2920448 kB
DirectMap1G:     4194304 kB


CPU:total 4 (2 cores per cpu, 2 threads per core) family 6 model 69 stepping 1, cmov, cx8, fxsr, mmx, sse, sse2, sse3, ssse3, sse4.1, sse4.2, popcnt, avx, avx2, aes, clmul, erms, lzcnt, ht, tsc, tscinvbit, bmi1, bmi2

/proc/cpuinfo:
processor	: 0
vendor_id	: GenuineIntel
cpu family	: 6
model		: 69
model name	: Intel(R) Core(TM) i3-4010U CPU @ 1.70GHz
stepping	: 1
microcode	: 0x17
cpu MHz		: 1669.984
cache size	: 3072 KB
physical id	: 0
siblings	: 4
core id		: 0
cpu cores	: 2
apicid		: 0
initial apicid	: 0
fpu		: yes
fpu_exception	: yes
cpuid level	: 13
wp		: yes
flags		: fpu vme de pse tsc msr pae mce cx8 apic sep mtrr pge mca cmov pat pse36 clflush dts acpi mmx fxsr sse sse2 ss ht tm pbe syscall nx pdpe1gb rdtscp lm constant_tsc arch_perfmon pebs bts rep_good nopl xtopology nonstop_tsc aperfmperf eagerfpu pni pclmulqdq dtes64 monitor ds_cpl vmx est tm2 ssse3 fma cx16 xtpr pdcm pcid sse4_1 sse4_2 x2apic movbe popcnt tsc_deadline_timer aes xsave avx f16c rdrand lahf_lm abm ida arat epb pln pts dtherm tpr_shadow vnmi flexpriority ept vpid fsgsbase tsc_adjust bmi1 avx2 smep bmi2 erms invpcid xsaveopt
bugs		:
bogomips	: 3392.24
clflush size	: 64
cache_alignment	: 64
address sizes	: 39 bits physical, 48 bits virtual
power management:

processor	: 1
vendor_id	: GenuineIntel
cpu family	: 6
model		: 69
model name	: Intel(R) Core(TM) i3-4010U CPU @ 1.70GHz
stepping	: 1
microcode	: 0x17
cpu MHz		: 1457.882
cache size	: 3072 KB
physical id	: 0
siblings	: 4
core id		: 0
cpu cores	: 2
apicid		: 1
initial apicid	: 1
fpu		: yes
fpu_exception	: yes
cpuid level	: 13
wp		: yes
flags		: fpu vme de pse tsc msr pae mce cx8 apic sep mtrr pge mca cmov pat pse36 clflush dts acpi mmx fxsr sse sse2 ss ht tm pbe syscall nx pdpe1gb rdtscp lm constant_tsc arch_perfmon pebs bts rep_good nopl xtopology nonstop_tsc aperfmperf eagerfpu pni pclmulqdq dtes64 monitor ds_cpl vmx est tm2 ssse3 fma cx16 xtpr pdcm pcid sse4_1 sse4_2 x2apic movbe popcnt tsc_deadline_timer aes xsave avx f16c rdrand lahf_lm abm ida arat epb pln pts dtherm tpr_shadow vnmi flexpriority ept vpid fsgsbase tsc_adjust bmi1 avx2 smep bmi2 erms invpcid xsaveopt
bugs		:
bogomips	: 3392.24
clflush size	: 64
cache_alignment	: 64
address sizes	: 39 bits physical, 48 bits virtual
power management:

processor	: 2
vendor_id	: GenuineIntel
cpu family	: 6
model		: 69
model name	: Intel(R) Core(TM) i3-4010U CPU @ 1.70GHz
stepping	: 1
microcode	: 0x17
cpu MHz		: 1450.976
cache size	: 3072 KB
physical id	: 0
siblings	: 4
core id		: 1
cpu cores	: 2
apicid		: 2
initial apicid	: 2
fpu		: yes
fpu_exception	: yes
cpuid level	: 13
wp		: yes
flags		: fpu vme de pse tsc msr pae mce cx8 apic sep mtrr pge mca cmov pat pse36 clflush dts acpi mmx fxsr sse sse2 ss ht tm pbe syscall nx pdpe1gb rdtscp lm constant_tsc arch_perfmon pebs bts rep_good nopl xtopology nonstop_tsc aperfmperf eagerfpu pni pclmulqdq dtes64 monitor ds_cpl vmx est tm2 ssse3 fma cx16 xtpr pdcm pcid sse4_1 sse4_2 x2apic movbe popcnt tsc_deadline_timer aes xsave avx f16c rdrand lahf_lm abm ida arat epb pln pts dtherm tpr_shadow vnmi flexpriority ept vpid fsgsbase tsc_adjust bmi1 avx2 smep bmi2 erms invpcid xsaveopt
bugs		:
bogomips	: 3392.24
clflush size	: 64
cache_alignment	: 64
address sizes	: 39 bits physical, 48 bits virtual
power management:

processor	: 3
vendor_id	: GenuineIntel
cpu family	: 6
model		: 69
model name	: Intel(R) Core(TM) i3-4010U CPU @ 1.70GHz
stepping	: 1
microcode	: 0x17
cpu MHz		: 1697.742
cache size	: 3072 KB
physical id	: 0
siblings	: 4
core id		: 1
cpu cores	: 2
apicid		: 3
initial apicid	: 3
fpu		: yes
fpu_exception	: yes
cpuid level	: 13
wp		: yes
flags		: fpu vme de pse tsc msr pae mce cx8 apic sep mtrr pge mca cmov pat pse36 clflush dts acpi mmx fxsr sse sse2 ss ht tm pbe syscall nx pdpe1gb rdtscp lm constant_tsc arch_perfmon pebs bts rep_good nopl xtopology nonstop_tsc aperfmperf eagerfpu pni pclmulqdq dtes64 monitor ds_cpl vmx est tm2 ssse3 fma cx16 xtpr pdcm pcid sse4_1 sse4_2 x2apic movbe popcnt tsc_deadline_timer aes xsave avx f16c rdrand lahf_lm abm ida arat epb pln pts dtherm tpr_shadow vnmi flexpriority ept vpid fsgsbase tsc_adjust bmi1 avx2 smep bmi2 erms invpcid xsaveopt
bugs		:
bogomips	: 3392.24
clflush size	: 64
cache_alignment	: 64
address sizes	: 39 bits physical, 48 bits virtual
power management:



Memory: 4k page, physical 5989364k(4726912k free), swap 31596k(0k free)

vm_info: Java HotSpot(TM) 64-Bit Server VM (25.73-b02) for linux-amd64 JRE (1.8.0_73-b02), built on Jan 29 2016 17:39:45 by "java_re" with gcc 4.3.0 20080428 (Red Hat 4.3.0-8)

time: Wed Mar 23 19:28:50 2016
elapsed time: 26817 seconds (0d 7h 26m 57s)

